<?xml version="1.0" encoding="UTF-8"?>
<testsuite name="ch.bailu.gtk.TestIntrospection" tests="2" skipped="0" failures="0" errors="0" timestamp="2023-07-07T13:26:39" hostname="ms7c56" time="0.02">
  <properties/>
  <testcase name="testTypeSize()" classname="ch.bailu.gtk.TestIntrospection" time="0.019"/>
  <testcase name="testTypeId()" classname="ch.bailu.gtk.TestIntrospection" time="0.0"/>
  <system-out><![CDATA[TypeQuery size: 24 bytes
]]></system-out>
  <system-err><![CDATA[]]></system-err>
</testsuite>
