<?xml version="1.0" encoding="UTF-8"?>
<testsuite name="ch.bailu.gtk.TestTypeQuery" tests="1" skipped="0" failures="0" errors="0" timestamp="2023-07-07T13:26:39" hostname="ms7c56" time="0.001">
  <properties/>
  <testcase name="test()" classname="ch.bailu.gtk.TestTypeQuery" time="0.001"/>
  <system-out><![CDATA[]]></system-out>
  <system-err><![CDATA[]]></system-err>
</testsuite>
