<?xml version="1.0" encoding="UTF-8"?>
<testsuite name="ch.bailu.gtk.TestGObject" tests="1" skipped="0" failures="0" errors="0" timestamp="2023-07-07T13:26:39" hostname="ms7c56" time="0.018">
  <properties/>
  <testcase name="testGObject()" classname="ch.bailu.gtk.TestGObject" time="0.018"/>
  <system-out><![CDATA[]]></system-out>
  <system-err><![CDATA[]]></system-err>
</testsuite>
