<?xml version="1.0" encoding="UTF-8"?>
<testsuite name="ch.bailu.gtk.TestStr" tests="3" skipped="0" failures="0" errors="0" timestamp="2023-07-07T13:26:39" hostname="ms7c56" time="0.003">
  <properties/>
  <testcase name="testStr()" classname="ch.bailu.gtk.TestStr" time="0.001"/>
  <testcase name="testStrs()" classname="ch.bailu.gtk.TestStr" time="0.0"/>
  <testcase name="testNullStr()" classname="ch.bailu.gtk.TestStr" time="0.0"/>
  <system-out><![CDATA[]]></system-out>
  <system-err><![CDATA[]]></system-err>
</testsuite>
