<?xml version="1.0" encoding="UTF-8"?>
<testsuite name="ch.bailu.gtk.TestListIndex" tests="1" skipped="0" failures="0" errors="0" timestamp="2023-07-07T13:26:39" hostname="ms7c56" time="0.049">
  <properties/>
  <testcase name="testListIndex()" classname="ch.bailu.gtk.TestListIndex" time="0.049"/>
  <system-out><![CDATA[ListIndex::registerInterface
InterfaceInfo size: 24 bytes
ListIndex::classInit
ListIndex::interfaceInit
]]></system-out>
  <system-err><![CDATA[]]></system-err>
</testsuite>
