<?xml version="1.0" encoding="UTF-8"?>
<testsuite name="ch.bailu.gtk.TestDbl" tests="2" skipped="0" failures="0" errors="0" timestamp="2023-07-07T13:26:39" hostname="ms7c56" time="0.003">
  <properties/>
  <testcase name="testDbl()" classname="ch.bailu.gtk.TestDbl" time="0.001"/>
  <testcase name="testDbls()" classname="ch.bailu.gtk.TestDbl" time="0.001"/>
  <system-out><![CDATA[]]></system-out>
  <system-err><![CDATA[]]></system-err>
</testsuite>
