<?xml version="1.0" encoding="UTF-8"?>
<testsuite name="ch.bailu.gtk.TestAlias" tests="1" skipped="0" failures="0" errors="0" timestamp="2023-07-07T13:25:55" hostname="ms7c56" time="0.025">
  <properties/>
  <testcase name="testAlias()" classname="ch.bailu.gtk.TestAlias" time="0.025"/>
  <system-out><![CDATA[]]></system-out>
  <system-err><![CDATA[]]></system-err>
</testsuite>
