<?xml version="1.0" encoding="UTF-8"?>
<testsuite name="ch.bailu.gtk.writer.TestNames" tests="2" skipped="0" failures="0" errors="0" timestamp="2023-07-07T13:25:55" hostname="ms7c56" time="0.007">
  <properties/>
  <testcase name="testCallbackName()" classname="ch.bailu.gtk.writer.TestNames" time="0.005"/>
  <testcase name="testJavaMethodName()" classname="ch.bailu.gtk.writer.TestNames" time="0.001"/>
  <system-out><![CDATA[]]></system-out>
  <system-err><![CDATA[]]></system-err>
</testsuite>
