<?xml version="1.0" encoding="UTF-8"?>
<testsuite name="ch.bailu.gtk.TestTypeModel" tests="6" skipped="0" failures="0" errors="0" timestamp="2023-07-07T13:25:55" hostname="ms7c56" time="0.018">
  <properties/>
  <testcase name="testCType()" classname="ch.bailu.gtk.TestTypeModel" time="0.003"/>
  <testcase name="testClassTypeNotInTable()" classname="ch.bailu.gtk.TestTypeModel" time="0.005"/>
  <testcase name="testJavaType()" classname="ch.bailu.gtk.TestTypeModel" time="0.001"/>
  <testcase name="testClassTypeInTable()" classname="ch.bailu.gtk.TestTypeModel" time="0.001"/>
  <testcase name="testClassTypInTablePointer()" classname="ch.bailu.gtk.TestTypeModel" time="0.002"/>
  <testcase name="testNamespaceType()" classname="ch.bailu.gtk.TestTypeModel" time="0.001"/>
  <system-out><![CDATA[]]></system-out>
  <system-err><![CDATA[]]></system-err>
</testsuite>
